Arguments: 
  C:\Program Files\nodejs\node.exe C:\Program Files\nodejs\node_modules\yarn\bin\yarn.js

PATH: 
  C:\ProgramData\DockerDesktop\version-bin;C:\Program Files\Docker\Docker\Resources\bin;C:\Program Files (x86)\Common Files\Oracle\Java\javapath;C:\Program Files (x86)\Intel\iCLS Client\;C:\Program Files\Intel\iCLS Client\;C:\ProgramData\Oracle\Java\javapath;C:\Windows\system32;C:\Windows;C:\Windows\System32\Wbem;C:\Windows\System32\WindowsPowerShell\v1.0\;C:\Program Files (x86)\NVIDIA Corporation\PhysX\Common;C:\Program Files (x86)\GtkSharp\2.12\bin;C:\Program Files\PuTTY\;C:\Program Files\SourceGear\Common\DiffMerge\;C:\Program Files\dotnet\;C:\Program Files\Microsoft SQL Server\130\Tools\Binn\;C:\Program Files (x86)\Intel\Intel(R) Management Engine Components\DAL;C:\Program Files\Intel\Intel(R) Management Engine Components\DAL;C:\Program Files (x86)\Intel\Intel(R) Management Engine Components\IPT;C:\Program Files\Intel\Intel(R) Management Engine Components\IPT;C:\WINDOWS\system32;C:\WINDOWS;C:\WINDOWS\System32\Wbem;C:\WINDOWS\System32\WindowsPowerShell\v1.0\;C:\Program Files\Git\cmd;C:\WINDOWS\System32\OpenSSH\;C:\ProgramData\chocolatey\bin;C:\ProgramData\nvm;C:\Program Files\nodejs;;C:\Program Files\Microsoft VS Code\bin;C:\Ruby23-x64\bin;C:\Users\jbisk\AppData\Local\Microsoft\WindowsApps;C:\Program Files\JetBrains\JetBrains Rider 2018.3.1\bin

Yarn version: 
  1.15.2

Node version: 
  10.15.0

Platform: 
  win32 x64

Trace: 
  Error: EPERM: operation not permitted, scandir 'E:\Programming\git\node-scaffolding-tool\node_modules\@types'

npm manifest: 
  {
    "name": "node-scaffolding-tool",
    "version": "1.0.0",
    "description": "",
    "bin": {
      "init-node-app": "./dist/index.js"
    },
    "preferGlobal": true,
    "scripts": {
      "start": "node --inspect=0.0.0.0:5858 -r ts-node/register ./src/index.ts",
      "dev": "nodemon",
      "build:watch": "nodemon --exec yarn build",
      "build": "tsc",
      "test": "jest"
    },
    "nodemonConfig": {
      "ignore": [
        "**/*.test.ts",
        "**/*.spec.ts",
        ".git",
        "node_modules"
      ],
      "watch": [
        "src"
      ],
      "exec": "npm start",
      "ext": "ts"
    },
    "repository": {
      "type": "git",
      "url": "git+https://github.com/jbiskur/node-scaffolding-tool.git"
    },
    "keywords": [],
    "author": "",
    "license": "ISC",
    "bugs": {
      "url": "https://github.com/jbiskur/node-scaffolding-tool/issues"
    },
    "homepage": "https://github.com/jbiskur/node-scaffolding-tool#readme",
    "devDependencies": {
      "@types/chalk": "^2.2.0",
      "@types/commander": "^2.12.2",
      "@types/core-js": "^2.5.0",
      "@types/fs-extra": "^5.0.5",
      "@types/inquirer": "^6.0.0",
      "@types/jest": "^24.0.11",
      "@types/lodash": "^4.14.123",
      "@types/node": "^11.13.6",
      "@types/ora": "^3.2.0",
      "@typescript-eslint/eslint-plugin": "^1.7.0",
      "@typescript-eslint/parser": "^1.7.0",
      "eslint": "^5.16.0",
      "eslint-config-prettier": "^4.1.0",
      "eslint-plugin-jest": "^22.4.1",
      "eslint-plugin-prettier": "^3.0.1",
      "jest": "^24.7.1",
      "nodemon": "^1.18.11",
      "prettier": "^1.17.0",
      "ts-jest": "^24.0.2",
      "ts-node": "^8.1.0",
      "typescript": "^3.4.4"
    },
    "dependencies": {
      "chalk": "^2.4.2",
      "commander": "^2.20.0",
      "core-js": "^3.0.1",
      "fs-extra": "^7.0.1",
      "inquirer": "^6.3.1",
      "lodash": "^4.17.11",
      "ora": "^3.4.0",
      "yarn-install": "^1.0.0"
    }
  }

yarn manifest: 
  No manifest

Lockfile: 
  No lockfile
